0 info it worked if it ends with ok
1 verbose cli [ '/usr/bin/nodejs',
1 verbose cli   '/usr/bin/npm',
1 verbose cli   'install',
1 verbose cli   'angular-bootstrap@0.14.3',
1 verbose cli   '--save' ]
2 info using npm@1.3.10
3 info using node@v0.10.25
4 verbose readDependencies using package.json deps
5 verbose cache add [ 'angular-bootstrap@0.14.3', null ]
6 verbose cache add name=undefined spec="angular-bootstrap@0.14.3" args=["angular-bootstrap@0.14.3",null]
7 verbose parsed url { protocol: null,
7 verbose parsed url   slashes: null,
7 verbose parsed url   auth: null,
7 verbose parsed url   host: null,
7 verbose parsed url   port: null,
7 verbose parsed url   hostname: null,
7 verbose parsed url   hash: null,
7 verbose parsed url   search: null,
7 verbose parsed url   query: null,
7 verbose parsed url   pathname: 'angular-bootstrap@0.14.3',
7 verbose parsed url   path: 'angular-bootstrap@0.14.3',
7 verbose parsed url   href: 'angular-bootstrap@0.14.3' }
8 verbose cache add name="angular-bootstrap" spec="0.14.3" args=["angular-bootstrap","0.14.3"]
9 verbose parsed url { protocol: null,
9 verbose parsed url   slashes: null,
9 verbose parsed url   auth: null,
9 verbose parsed url   host: null,
9 verbose parsed url   port: null,
9 verbose parsed url   hostname: null,
9 verbose parsed url   hash: null,
9 verbose parsed url   search: null,
9 verbose parsed url   query: null,
9 verbose parsed url   pathname: '0.14.3',
9 verbose parsed url   path: '0.14.3',
9 verbose parsed url   href: '0.14.3' }
10 verbose addNamed [ 'angular-bootstrap', '0.14.3' ]
11 verbose addNamed [ '0.14.3', '0.14.3' ]
12 silly lockFile 96b84b38-angular-bootstrap-0-14-3 angular-bootstrap@0.14.3
13 verbose lock angular-bootstrap@0.14.3 /home/kone/.npm/96b84b38-angular-bootstrap-0-14-3.lock
14 verbose url raw angular-bootstrap/0.14.3
15 verbose url resolving [ 'https://registry.npmjs.org/', './angular-bootstrap/0.14.3' ]
16 verbose url resolved https://registry.npmjs.org/angular-bootstrap/0.14.3
17 info trying registry request attempt 1 at 23:37:19
18 http GET https://registry.npmjs.org/angular-bootstrap/0.14.3
19 http 404 https://registry.npmjs.org/angular-bootstrap/0.14.3
20 silly registry.get cb [ 404,
20 silly registry.get   { server: 'CouchDB/1.5.0 (Erlang OTP/R16B03)',
20 silly registry.get     etag: '"1WNJQML6XC9EFTKQ7KZTB3255"',
20 silly registry.get     'content-type': 'application/json',
20 silly registry.get     'cache-control': 'max-age=0',
20 silly registry.get     'content-length': '37',
20 silly registry.get     'accept-ranges': 'bytes',
20 silly registry.get     date: 'Tue, 24 May 2016 02:37:20 GMT',
20 silly registry.get     via: '1.1 varnish',
20 silly registry.get     age: '0',
20 silly registry.get     connection: 'keep-alive',
20 silly registry.get     'x-served-by': 'cache-jfk1031-JFK',
20 silly registry.get     'x-cache': 'MISS',
20 silly registry.get     'x-cache-hits': '0',
20 silly registry.get     'x-timer': 'S1464057440.515677,VS0,VE155',
20 silly registry.get     vary: 'Accept' } ]
21 silly lockFile 96b84b38-angular-bootstrap-0-14-3 angular-bootstrap@0.14.3
22 silly lockFile 96b84b38-angular-bootstrap-0-14-3 angular-bootstrap@0.14.3
23 error Error: version not found: 0.14.3 : angular-bootstrap/0.14.3
23 error     at RegClient.<anonymous> (/usr/share/npm/node_modules/npm-registry-client/lib/request.js:272:14)
23 error     at Request.self.callback (/usr/lib/nodejs/request/index.js:148:22)
23 error     at Request.EventEmitter.emit (events.js:98:17)
23 error     at Request.<anonymous> (/usr/lib/nodejs/request/index.js:896:14)
23 error     at Request.EventEmitter.emit (events.js:117:20)
23 error     at IncomingMessage.<anonymous> (/usr/lib/nodejs/request/index.js:847:12)
23 error     at IncomingMessage.EventEmitter.emit (events.js:117:20)
23 error     at _stream_readable.js:920:16
23 error     at process._tickCallback (node.js:415:13)
24 error If you need help, you may report this log at:
24 error     <http://github.com/isaacs/npm/issues>
24 error or email it to:
24 error     <npm-@googlegroups.com>
25 error System Linux 3.13.0-37-generic
26 error command "/usr/bin/nodejs" "/usr/bin/npm" "install" "angular-bootstrap@0.14.3" "--save"
27 error cwd /home/kone/laravel/curso-code-education/CodeProject
28 error node -v v0.10.25
29 error npm -v 1.3.10
30 verbose exit [ 1, true ]
